0 info it worked if it ends with ok
1 verbose cli [ 'node',
1 verbose cli   '/usr/local/bin/npm',
1 verbose cli   'install',
1 verbose cli   '-g',
1 verbose cli   'electron-prebuilt@1.1.1.' ]
2 info using npm@3.10.9
3 info using node@v0.10.25
4 verbose node symlink /usr/bin/node
5 silly loadCurrentTree Starting
6 silly install loadCurrentTree
7 silly install readGlobalPackageData
8 silly fetchPackageMetaData electron-prebuilt@1.1.1.
9 silly fetchNamedPackageData electron-prebuilt
10 silly mapToRegistry name electron-prebuilt
11 silly mapToRegistry using default registry
12 silly mapToRegistry registry https://registry.npmjs.org/
13 silly mapToRegistry data { raw: 'electron-prebuilt',
13 silly mapToRegistry   scope: null,
13 silly mapToRegistry   escapedName: 'electron-prebuilt',
13 silly mapToRegistry   name: 'electron-prebuilt',
13 silly mapToRegistry   rawSpec: '',
13 silly mapToRegistry   spec: 'latest',
13 silly mapToRegistry   type: 'tag' }
14 silly mapToRegistry uri https://registry.npmjs.org/electron-prebuilt
15 verbose request uri https://registry.npmjs.org/electron-prebuilt
16 verbose request no auth needed
17 info attempt registry request try #1 at 18:05:55
18 verbose request id 23ca23557f20af1f
19 http request GET https://registry.npmjs.org/electron-prebuilt
20 http 200 https://registry.npmjs.org/electron-prebuilt
21 verbose headers { server: 'CouchDB/1.5.0 (Erlang OTP/R16B03)',
21 verbose headers   etag: '"BKQ6FTRWWPZ8ZA14DUC8434Y"',
21 verbose headers   'content-type': 'application/json',
21 verbose headers   'content-encoding': 'gzip',
21 verbose headers   'cache-control': 'max-age=300',
21 verbose headers   'content-length': '18828',
21 verbose headers   'accept-ranges': 'bytes',
21 verbose headers   date: 'Wed, 02 Nov 2016 12:35:57 GMT',
21 verbose headers   via: '1.1 varnish',
21 verbose headers   age: '153',
21 verbose headers   connection: 'keep-alive',
21 verbose headers   'x-served-by': 'cache-sin6927-SIN',
21 verbose headers   'x-cache': 'HIT',
21 verbose headers   'x-cache-hits': '2',
21 verbose headers   'x-timer': 'S1478090157.698116,VS0,VE0',
21 verbose headers   vary: 'Accept-Encoding' }
22 silly get cb [ 200,
22 silly get   { server: 'CouchDB/1.5.0 (Erlang OTP/R16B03)',
22 silly get     etag: '"BKQ6FTRWWPZ8ZA14DUC8434Y"',
22 silly get     'content-type': 'application/json',
22 silly get     'content-encoding': 'gzip',
22 silly get     'cache-control': 'max-age=300',
22 silly get     'content-length': '18828',
22 silly get     'accept-ranges': 'bytes',
22 silly get     date: 'Wed, 02 Nov 2016 12:35:57 GMT',
22 silly get     via: '1.1 varnish',
22 silly get     age: '153',
22 silly get     connection: 'keep-alive',
22 silly get     'x-served-by': 'cache-sin6927-SIN',
22 silly get     'x-cache': 'HIT',
22 silly get     'x-cache-hits': '2',
22 silly get     'x-timer': 'S1478090157.698116,VS0,VE0',
22 silly get     vary: 'Accept-Encoding' } ]
23 verbose get saving electron-prebuilt to /home/bcs-soft-001/.npm/registry.npmjs.org/electron-prebuilt/.cache.json
24 verbose correctMkdir /home/bcs-soft-001/.npm correctMkdir not in flight; initializing
25 silly fetchPackageMetaData Error: No compatible version found: electron-prebuilt@1.1.1.
25 silly fetchPackageMetaData Valid install targets:
25 silly fetchPackageMetaData 1.4.5, 1.4.4, 1.4.3, 1.4.2, 1.4.1, 1.4.0, 1.3.8, 1.3.7, 1.3.6, 1.3.5, 1.3.4, 1.3.3, 1.3.2, 1.3.1, 1.3.0, 1.2.8, 1.2.7, 1.2.6, 1.2.5, 1.2.4, 1.2.3, 1.2.2, 1.2.1, 1.2.0, 1.1.3, 1.1.2, 1.1.1, 1.1.0, 1.0.2, 1.0.1, 1.0.0, 0.37.8, 0.37.7, 0.37.6, 0.37.5, 0.37.4, 0.37.3, 0.37.2, 0.37.1, 0.37.0, 0.36.12, 0.36.11, 0.36.10, 0.36.9, 0.36.8, 0.36.7, 0.36.6, 0.36.5, 0.36.4, 0.36.3, 0.36.2, 0.36.1, 0.36.0, 0.35.6, 0.35.5, 0.35.4, 0.35.3, 0.35.2, 0.35.1, 0.35.0, 0.34.5, 0.34.4, 0.34.3, 0.34.2, 0.34.1, 0.34.0, 0.33.9, 0.33.8, 0.33.7, 0.33.6, 0.33.5, 0.33.4, 0.33.3, 0.33.2, 0.33.1, 0.33.0, 0.32.3, 0.32.2, 0.32.1, 0.32.0, 0.31.2, 0.31.1, 0.31.0, 0.30.8, 0.30.7, 0.30.6, 0.30.5, 0.30.4, 0.30.3, 0.30.2, 0.30.1, 0.30.0, 0.29.2, 0.29.1, 0.29.0, 0.28.3, 0.28.2, 0.28.1, 0.28.0, 0.27.3, 0.27.2, 0.27.1, 0.27.0, 0.26.1, 0.26.0, 0.25.3, 0.25.3-2, 0.25.3-1, 0.25.2, 0.25.2-1, 0.25.1, 0.25.1-1, 0.25.0, 0.24.0
25 silly fetchPackageMetaData
25 silly fetchPackageMetaData     at pickVersionFromRegistryDocument (/usr/local/lib/node_modules/npm/lib/fetch-package-metadata.js:178:16)
25 silly fetchPackageMetaData     at /usr/local/lib/node_modules/npm/node_modules/iferr/index.js:13:50
25 silly fetchPackageMetaData     at /usr/local/lib/node_modules/npm/lib/utils/pulse-till-done.js:20:8
25 silly fetchPackageMetaData     at saved (/usr/local/lib/node_modules/npm/lib/cache/caching-client.js:174:7)
25 silly fetchPackageMetaData     at /usr/local/lib/node_modules/npm/node_modules/graceful-fs/polyfills.js:241:18
25 silly fetchPackageMetaData     at Object.oncomplete (fs.js:107:15)
25 silly fetchPackageMetaData  error for electron-prebuilt@1.1.1. { [Error: No compatible version found: electron-prebuilt@1.1.1.
25 silly fetchPackageMetaData Valid install targets:
25 silly fetchPackageMetaData 1.4.5, 1.4.4, 1.4.3, 1.4.2, 1.4.1, 1.4.0, 1.3.8, 1.3.7, 1.3.6, 1.3.5, 1.3.4, 1.3.3, 1.3.2, 1.3.1, 1.3.0, 1.2.8, 1.2.7, 1.2.6, 1.2.5, 1.2.4, 1.2.3, 1.2.2, 1.2.1, 1.2.0, 1.1.3, 1.1.2, 1.1.1, 1.1.0, 1.0.2, 1.0.1, 1.0.0, 0.37.8, 0.37.7, 0.37.6, 0.37.5, 0.37.4, 0.37.3, 0.37.2, 0.37.1, 0.37.0, 0.36.12, 0.36.11, 0.36.10, 0.36.9, 0.36.8, 0.36.7, 0.36.6, 0.36.5, 0.36.4, 0.36.3, 0.36.2, 0.36.1, 0.36.0, 0.35.6, 0.35.5, 0.35.4, 0.35.3, 0.35.2, 0.35.1, 0.35.0, 0.34.5, 0.34.4, 0.34.3, 0.34.2, 0.34.1, 0.34.0, 0.33.9, 0.33.8, 0.33.7, 0.33.6, 0.33.5, 0.33.4, 0.33.3, 0.33.2, 0.33.1, 0.33.0, 0.32.3, 0.32.2, 0.32.1, 0.32.0, 0.31.2, 0.31.1, 0.31.0, 0.30.8, 0.30.7, 0.30.6, 0.30.5, 0.30.4, 0.30.3, 0.30.2, 0.30.1, 0.30.0, 0.29.2, 0.29.1, 0.29.0, 0.28.3, 0.28.2, 0.28.1, 0.28.0, 0.27.3, 0.27.2, 0.27.1, 0.27.0, 0.26.1, 0.26.0, 0.25.3, 0.25.3-2, 0.25.3-1, 0.25.2, 0.25.2-1, 0.25.1, 0.25.1-1, 0.25.0, 0.24.0
25 silly fetchPackageMetaData ] code: 'ETARGET' }
26 silly rollbackFailedOptional Starting
27 silly rollbackFailedOptional Finishing
28 silly runTopLevelLifecycles Finishing
29 silly install printInstalled
30 verbose stack Error: No compatible version found: electron-prebuilt@1.1.1.
30 verbose stack Valid install targets:
30 verbose stack 1.4.5, 1.4.4, 1.4.3, 1.4.2, 1.4.1, 1.4.0, 1.3.8, 1.3.7, 1.3.6, 1.3.5, 1.3.4, 1.3.3, 1.3.2, 1.3.1, 1.3.0, 1.2.8, 1.2.7, 1.2.6, 1.2.5, 1.2.4, 1.2.3, 1.2.2, 1.2.1, 1.2.0, 1.1.3, 1.1.2, 1.1.1, 1.1.0, 1.0.2, 1.0.1, 1.0.0, 0.37.8, 0.37.7, 0.37.6, 0.37.5, 0.37.4, 0.37.3, 0.37.2, 0.37.1, 0.37.0, 0.36.12, 0.36.11, 0.36.10, 0.36.9, 0.36.8, 0.36.7, 0.36.6, 0.36.5, 0.36.4, 0.36.3, 0.36.2, 0.36.1, 0.36.0, 0.35.6, 0.35.5, 0.35.4, 0.35.3, 0.35.2, 0.35.1, 0.35.0, 0.34.5, 0.34.4, 0.34.3, 0.34.2, 0.34.1, 0.34.0, 0.33.9, 0.33.8, 0.33.7, 0.33.6, 0.33.5, 0.33.4, 0.33.3, 0.33.2, 0.33.1, 0.33.0, 0.32.3, 0.32.2, 0.32.1, 0.32.0, 0.31.2, 0.31.1, 0.31.0, 0.30.8, 0.30.7, 0.30.6, 0.30.5, 0.30.4, 0.30.3, 0.30.2, 0.30.1, 0.30.0, 0.29.2, 0.29.1, 0.29.0, 0.28.3, 0.28.2, 0.28.1, 0.28.0, 0.27.3, 0.27.2, 0.27.1, 0.27.0, 0.26.1, 0.26.0, 0.25.3, 0.25.3-2, 0.25.3-1, 0.25.2, 0.25.2-1, 0.25.1, 0.25.1-1, 0.25.0, 0.24.0
30 verbose stack
30 verbose stack     at pickVersionFromRegistryDocument (/usr/local/lib/node_modules/npm/lib/fetch-package-metadata.js:178:16)
30 verbose stack     at /usr/local/lib/node_modules/npm/node_modules/iferr/index.js:13:50
30 verbose stack     at /usr/local/lib/node_modules/npm/lib/utils/pulse-till-done.js:20:8
30 verbose stack     at saved (/usr/local/lib/node_modules/npm/lib/cache/caching-client.js:174:7)
30 verbose stack     at /usr/local/lib/node_modules/npm/node_modules/graceful-fs/polyfills.js:241:18
30 verbose stack     at Object.oncomplete (fs.js:107:15)
31 verbose cwd /home/bcs-soft-001/translation-app/translation_manager
32 error Linux 4.2.0-42-generic
33 error argv "node" "/usr/local/bin/npm" "install" "-g" "electron-prebuilt@1.1.1."
34 error node v0.10.25
35 error npm  v3.10.9
36 error code ETARGET
37 error notarget No compatible version found: electron-prebuilt@1.1.1.
37 error notarget Valid install targets:
37 error notarget 1.4.5, 1.4.4, 1.4.3, 1.4.2, 1.4.1, 1.4.0, 1.3.8, 1.3.7, 1.3.6, 1.3.5, 1.3.4, 1.3.3, 1.3.2, 1.3.1, 1.3.0, 1.2.8, 1.2.7, 1.2.6, 1.2.5, 1.2.4, 1.2.3, 1.2.2, 1.2.1, 1.2.0, 1.1.3, 1.1.2, 1.1.1, 1.1.0, 1.0.2, 1.0.1, 1.0.0, 0.37.8, 0.37.7, 0.37.6, 0.37.5, 0.37.4, 0.37.3, 0.37.2, 0.37.1, 0.37.0, 0.36.12, 0.36.11, 0.36.10, 0.36.9, 0.36.8, 0.36.7, 0.36.6, 0.36.5, 0.36.4, 0.36.3, 0.36.2, 0.36.1, 0.36.0, 0.35.6, 0.35.5, 0.35.4, 0.35.3, 0.35.2, 0.35.1, 0.35.0, 0.34.5, 0.34.4, 0.34.3, 0.34.2, 0.34.1, 0.34.0, 0.33.9, 0.33.8, 0.33.7, 0.33.6, 0.33.5, 0.33.4, 0.33.3, 0.33.2, 0.33.1, 0.33.0, 0.32.3, 0.32.2, 0.32.1, 0.32.0, 0.31.2, 0.31.1, 0.31.0, 0.30.8, 0.30.7, 0.30.6, 0.30.5, 0.30.4, 0.30.3, 0.30.2, 0.30.1, 0.30.0, 0.29.2, 0.29.1, 0.29.0, 0.28.3, 0.28.2, 0.28.1, 0.28.0, 0.27.3, 0.27.2, 0.27.1, 0.27.0, 0.26.1, 0.26.0, 0.25.3, 0.25.3-2, 0.25.3-1, 0.25.2, 0.25.2-1, 0.25.1, 0.25.1-1, 0.25.0, 0.24.0
38 error notarget This is most likely not a problem with npm itself.
38 error notarget In most cases you or one of your dependencies are requesting
38 error notarget a package version that doesn't exist.
39 verbose exit [ 1, true ]
